# JRE version: OpenJDK Runtime Environment Temurin-17.0.4.1+1 (17.0.4.1+1) (build 17.0.4.1+1)
# Java VM: OpenJDK 64-Bit Server VM Temurin-17.0.4.1+1 (17.0.4.1+1, mixed mode, tiered, compressed oops, compressed class ptrs, g1 gc, windows-amd64)
GC Precious Log:
 CPUs: 8 total, 8 available
 Memory: 8052M
 Large Page Support: Disabled
 NUMA Support: Disabled
 Compressed Oops: Enabled (32-bit)
 Heap Region Size: 1M
 Heap Min Capacity: 8M
 Heap Initial Capacity: 126M
 Heap Max Capacity: 2014M
 Pre-touch: Disabled
 Parallel Workers: 8
 Concurrent Workers: 2
 Concurrent Refinement Workers: 8
 Periodic GC: Disabled
Heap:
 garbage-first heap   total 194560K, used 2684K [0x0000000082200000, 0x0000000100000000)
  region size 1024K, 1 young (1024K), 1 survivors (1024K)
 Metaspace       used 4394K, committed 4544K, reserved 1056768K
  class space    used 368K, committed 448K, reserved 1048576K
GC Heap History (19 events):
Event: 1.059 GC heap before
{Heap before GC invocations=0 (full 0):
 garbage-first heap   total 129024K, used 25600K [0x0000000082200000, 0x0000000100000000)
  region size 1024K, 23 young (23552K), 0 survivors (0K)
 Metaspace       used 4394K, committed 4544K, reserved 1056768K
  class space    used 368K, committed 448K, reserved 1048576K
}
Event: 1.063 GC heap after
{Heap after GC invocations=1 (full 0):
 garbage-first heap   total 129024K, used 2645K [0x0000000082200000, 0x0000000100000000)
  region size 1024K, 1 young (1024K), 1 survivors (1024K)
 Metaspace       used 4394K, committed 4544K, reserved 1056768K
  class space    used 368K, committed 448K, reserved 1048576K
}
Event: 1.107 GC heap before
{Heap before GC invocations=1 (full 0):
 garbage-first heap   total 129024K, used 41557K [0x0000000082200000, 0x0000000100000000)
  region size 1024K, 39 young (39936K), 1 survivors (1024K)
 Metaspace       used 4394K, committed 4544K, reserved 1056768K
  class space    used 368K, committed 448K, reserved 1048576K
}
Event: 1.109 GC heap after
{Heap after GC invocations=2 (full 0):
 garbage-first heap   total 129024K, used 2649K [0x0000000082200000, 0x0000000100000000)
  region size 1024K, 1 young (1024K), 1 survivors (1024K)
 Metaspace       used 4394K, committed 4544K, reserved 1056768K
  class space    used 368K, committed 448K, reserved 1048576K
}
Event: 1.200 GC heap before
{Heap before GC invocations=2 (full 0):
 garbage-first heap   total 129024K, used 78425K [0x0000000082200000, 0x0000000100000000)
  region size 1024K, 75 young (76800K), 1 survivors (1024K)
 Metaspace       used 4394K, committed 4544K, reserved 1056768K
  class space    used 368K, committed 448K, reserved 1048576K
}
Event: 1.202 GC heap after
{Heap after GC invocations=3 (full 0):
 garbage-first heap   total 129024K, used 2624K [0x0000000082200000, 0x0000000100000000)
  region size 1024K, 1 young (1024K), 1 survivors (1024K)
 Metaspace       used 4394K, committed 4544K, reserved 1056768K
  class space    used 368K, committed 448K, reserved 1048576K
}
Event: 1.251 GC heap before
{Heap before GC invocations=3 (full 0):
 garbage-first heap   total 129024K, used 78400K [0x0000000082200000, 0x0000000100000000)
  region size 1024K, 75 young (76800K), 1 survivors (1024K)
 Metaspace       used 4394K, committed 4544K, reserved 1056768K
  class space    used 368K, committed 448K, reserved 1048576K
}
Event: 1.253 GC heap after
{Heap after GC invocations=4 (full 0):
 garbage-first heap   total 129024K, used 2641K [0x0000000082200000, 0x0000000100000000)
  region size 1024K, 1 young (1024K), 1 survivors (1024K)
 Metaspace       used 4394K, committed 4544K, reserved 1056768K
  class space    used 368K, committed 448K, reserved 1048576K
}
Event: 1.287 GC heap before
{Heap before GC invocations=4 (full 0):
 garbage-first heap   total 129024K, used 77393K [0x0000000082200000, 0x0000000100000000)
  region size 1024K, 75 young (76800K), 1 survivors (1024K)
 Metaspace       used 4394K, committed 4544K, reserved 1056768K
  class space    used 368K, committed 448K, reserved 1048576K
}
Event: 1.290 GC heap after
{Heap after GC invocations=5 (full 0):
 garbage-first heap   total 129024K, used 2615K [0x0000000082200000, 0x0000000100000000)
  region size 1024K, 1 young (1024K), 1 survivors (1024K)
 Metaspace       used 4394K, committed 4544K, reserved 1056768K
  class space    used 368K, committed 448K, reserved 1048576K
}
Event: 1.323 GC heap before
{Heap before GC invocations=5 (full 0):
 garbage-first heap   total 129024K, used 77367K [0x0000000082200000, 0x0000000100000000)
  region size 1024K, 75 young (76800K), 1 survivors (1024K)
 Metaspace       used 4394K, committed 4544K, reserved 1056768K
  class space    used 368K, committed 448K, reserved 1048576K
}
Event: 1.365 GC heap after
{Heap after GC invocations=6 (full 0):
 garbage-first heap   total 194560K, used 2647K [0x0000000082200000, 0x0000000100000000)
  region size 1024K, 1 young (1024K), 1 survivors (1024K)
 Metaspace       used 4394K, committed 4544K, reserved 1056768K
  class space    used 368K, committed 448K, reserved 1048576K
}
Event: 1.497 GC heap before
{Heap before GC invocations=6 (full 0):
 garbage-first heap   total 194560K, used 117335K [0x0000000082200000, 0x0000000100000000)
  region size 1024K, 114 young (116736K), 1 survivors (1024K)
 Metaspace       used 4394K, committed 4544K, reserved 1056768K
  class space    used 368K, committed 448K, reserved 1048576K
}
Event: 1.500 GC heap after
{Heap after GC invocations=7 (full 0):
 garbage-first heap   total 194560K, used 2642K [0x0000000082200000, 0x0000000100000000)
  region size 1024K, 1 young (1024K), 1 survivors (1024K)
 Metaspace       used 4394K, committed 4544K, reserved 1056768K
  class space    used 368K, committed 448K, reserved 1048576K
}
Event: 1.547 GC heap before
{Heap before GC invocations=7 (full 0):
 garbage-first heap   total 194560K, used 117330K [0x0000000082200000, 0x0000000100000000)
  region size 1024K, 114 young (116736K), 1 survivors (1024K)
 Metaspace       used 4394K, committed 4544K, reserved 1056768K
  class space    used 368K, committed 448K, reserved 1048576K
}
Event: 1.549 GC heap after
{Heap after GC invocations=8 (full 0):
 garbage-first heap   total 194560K, used 2662K [0x0000000082200000, 0x0000000100000000)
  region size 1024K, 1 young (1024K), 1 survivors (1024K)
 Metaspace       used 4394K, committed 4544K, reserved 1056768K
  class space    used 368K, committed 448K, reserved 1048576K
}
Event: 1.594 GC heap before
{Heap before GC invocations=8 (full 0):
 garbage-first heap   total 194560K, used 117350K [0x0000000082200000, 0x0000000100000000)
  region size 1024K, 114 young (116736K), 1 survivors (1024K)
 Metaspace       used 4394K, committed 4544K, reserved 1056768K
  class space    used 368K, committed 448K, reserved 1048576K
}
Event: 1.596 GC heap after
{Heap after GC invocations=9 (full 0):
 garbage-first heap   total 194560K, used 2679K [0x0000000082200000, 0x0000000100000000)
  region size 1024K, 1 young (1024K), 1 survivors (1024K)
 Metaspace       used 4394K, committed 4544K, reserved 1056768K
  class space    used 368K, committed 448K, reserved 1048576K
}
Event: 1.633 GC heap before
{Heap before GC invocations=9 (full 0):
 garbage-first heap   total 194560K, used 117367K [0x0000000082200000, 0x0000000100000000)
  region size 1024K, 114 young (116736K), 1 survivors (1024K)
 Metaspace       used 4394K, committed 4544K, reserved 1056768K
  class space    used 368K, committed 448K, reserved 1048576K
}

